This is LuaTeX, Version beta-0.50.0-2009122515 (format=lualatex 2009.12.31)  15 FEB 2010 16:37
 restricted \write18 enabled.
**SicutOvis.gabc
(./SicutOvis.gabc
LaTeX2e <2009/09/24>
Babel <v3.8l> and hyphenation patterns for english, usenglishmax, dumylang, noh
yphenation, farsi, arabic, croatian, bulgarian, ukrainian, russian, czech, slov
ak, danish, dutch, finnish, french, basque, ngerman, german, german-x-2009-06-1
9, ngerman-x-2009-06-19, ibycus, monogreek, greek, ancientgreek, hungarian, san
skrit, italian, latin, latvian, lithuanian, mongolian2a, mongolian, bokmal, nyn
orsk, romanian, irish, coptic, serbian, turkish, welsh, esperanto, uppersorbian
, estonian, indonesian, interlingua, icelandic, kurmanji, slovenian, polish, po
rtuguese, spanish, galician, catalan, swedish, ukenglish, pinyin, loaded.

! LaTeX Error: Missing \begin{document}.

See the LaTeX manual or LaTeX Companion for explanation.
Type  H <return>  for immediate help.
 ...                                              
                                                  
l.1 n
     ame:Sicut ovis;
You're in trouble here.  Try typing  <return>  to proceed.
If that doesn't work, type  X <return>  to quit.

! Missing $ inserted.
<inserted text> 
                $
l.3 ...(d) dum(g) ma(hi)le(h') trac(h)ta(hg)ré(h_
                                                  //igh)tur,(hgg/efe.) (,) n...
I've inserted a begin-math/end-math symbol since I think
you left one out. Proceed, with fingers crossed.

LaTeX Font Info:    External font `cmex10' loaded for size
(Font)              <7> on input line 3.
LaTeX Font Info:    External font `cmex10' loaded for size
(Font)              <5> on input line 3.
! Missing { inserted.
<to be read again> 
                   _
l.3 ...(g)pé(gh)ru(g)it(g) os(gh/ji/jkj) su(hvG__
                                                  F'gwhgh)um:(g_h/ih..) (:)
A left brace was mandatory here, so I've put one in.
You might want to delete and/or insert some corrections
so that I will find a matching right brace soon.
If you're confused by all this, try typing `I}' now.

! Missing { inserted.
<to be read again> 
                   _
l.4 trá(c)di(df)tus(gff) ad(fe~) mor(dgf'__
                                            _!gwhgh)tem,(hg..) *(;) Ut(g) vi...
A left brace was mandatory here, so I've put one in.
You might want to delete and/or insert some corrections
so that I will find a matching right brace soon.
If you're confused by all this, try typing `I}' now.

! Missing { inserted.
<to be read again> 
                   _
l.4 trá(c)di(df)tus(gff) ad(fe~) mor(dgf'___
                                             !gwhgh)tem,(hg..) *(;) Ut(g) vi...
A left brace was mandatory here, so I've put one in.
You might want to delete and/or insert some corrections
so that I will find a matching right brace soon.
If you're confused by all this, try typing `I}' now.

! Missing { inserted.
<to be read again> 
                   _
l.4 ...g) vi(h')vi(gf'fe)fi(f)cá(e_fED'e)ret(ed__
                                                  ) (,) pó(hg'gf)pu(f/g'h)l...
A left brace was mandatory here, so I've put one in.
You might want to delete and/or insert some corrections
so that I will find a matching right brace soon.
If you're confused by all this, try typing `I}' now.

! Missing $ inserted.
<inserted text> 
                $
l.5 
    
I've inserted a begin-math/end-math symbol since I think
you left one out. Proceed, with fingers crossed.

! Missing } inserted.
<inserted text> 
                }
l.5 
    
I've inserted something that you may have forgotten.
(See the <inserted text> above.)
With luck, this will get me unwedged. But if you
really didn't forget anything, try typing `2' now; then
my insertion and my current dilemma will both disappear.

! Missing } inserted.
<inserted text> 
                }
l.5 
    
I've inserted something that you may have forgotten.
(See the <inserted text> above.)
With luck, this will get me unwedged. But if you
really didn't forget anything, try typing `2' now; then
my insertion and my current dilemma will both disappear.

! Missing } inserted.
<inserted text> 
                }
l.5 
    
I've inserted something that you may have forgotten.
(See the <inserted text> above.)
With luck, this will get me unwedged. But if you
really didn't forget anything, try typing `2' now; then
my insertion and my current dilemma will both disappear.

! Missing } inserted.
<inserted text> 
                }
l.5 
    
I've inserted something that you may have forgotten.
(See the <inserted text> above.)
With luck, this will get me unwedged. But if you
really didn't forget anything, try typing `2' now; then
my insertion and my current dilemma will both disappear.

Missing character: There is no é (U+00E9) in font cmr10!
Missing character: There is no é (U+00E9) in font cmr10!
Missing character: There is no á (U+00E1) in font cmr7!
Missing character: There is no á (U+00E1) in font cmr7!
Missing character: There is no á (U+00E1) in font cmr5!
Missing character: There is no á (U+00E1) in font cmr5!
Missing character: There is no ó (U+00F3) in font cmr5!
Missing character: There is no ó (U+00F3) in font cmr5!

Overfull \hbox (20.0pt too wide) in paragraph at lines 1--5
[][]name:Sicut
 []


Overfull \hbox (942.27394pt too wide) in paragraph at lines 1--5
trac(h)ta(hg)ré(h$[][]\OML/cmm/m/it/10 =igh\OT1/cmr/m/n/10 )\OML/cmm/m/it/10 t
ur; \OT1/cmr/m/n/10 (\OML/cmm/m/it/10 hgg=efe:\OT1/cmr/m/n/10 )(\OML/cmm/m/it/1
0 ; \OT1/cmr/m/n/10 )\OML/cmm/m/it/10 non\OT1/cmr/m/n/10 (\OML/cmm/m/it/10 e\OT
1/cmr/m/n/10 !\OML/cmm/m/it/10 fw\OT1/cmr/m/n/10 !\OML/cmm/m/it/10 g[]\OT1/cmr/
m/n/10 )\OML/cmm/m/it/10 a\OT1/cmr/m/n/10 (\OML/cmm/m/it/10 g\OT1/cmr/m/n/10 )\
OML/cmm/m/it/10 p\OT1/cmr/m/n/10 (\OML/cmm/m/it/10 gh\OT1/cmr/m/n/10 )\OML/cmm/
m/it/10 ru\OT1/cmr/m/n/10 (\OML/cmm/m/it/10 g\OT1/cmr/m/n/10 )\OML/cmm/m/it/10 
it\OT1/cmr/m/n/10 (\OML/cmm/m/it/10 g\OT1/cmr/m/n/10 )\OML/cmm/m/it/10 os\OT1/c
mr/m/n/10 (\OML/cmm/m/it/10 gh=ji=jkj\OT1/cmr/m/n/10 )\OML/cmm/m/it/10 su\OT1/c
mr/m/n/10 (\OML/cmm/m/it/10 hvG[]$ 
 []


! LaTeX Error: Missing \begin{document}.

See the LaTeX manual or LaTeX Companion for explanation.
Type  H <return>  for immediate help.
 ...                                              
                                                  
l.6 <
     sp>V/</sp>. Trá(h)di(gh)dit(g.f!gwhg__hv_GEf_e) in(g) mor(gh)tem(g.) (...

You're in trouble here.  Try typing  <return>  to proceed.
If that doesn't work, type  X <return>  to quit.

! Missing $ inserted.
<inserted text> 
                $
l.6 <sp>V/</sp>. Trá(h)di(gh)dit(g.f!gwhg_
                                           _hv_GEf_e) in(g) mor(gh)tem(g.) (...
I've inserted a begin-math/end-math symbol since I think
you left one out. Proceed, with fingers crossed.

! Missing { inserted.
<to be read again> 
                   _
l.6 <sp>V/</sp>. Trá(h)di(gh)dit(g.f!gwhg__
                                            hv_GEf_e) in(g) mor(gh)tem(g.) (...
A left brace was mandatory here, so I've put one in.
You might want to delete and/or insert some corrections
so that I will find a matching right brace soon.
If you're confused by all this, try typing `I}' now.

! Missing { inserted.
<to be read again> 
                   _
l.6 ...) vi(h')vi(gf'fe)fi(f)cá(e_fED'e)ret.(ed__
                                                  ) (::)
A left brace was mandatory here, so I've put one in.
You might want to delete and/or insert some corrections
so that I will find a matching right brace soon.
If you're confused by all this, try typing `I}' now.

)
! Emergency stop.
<*> SicutOvis.gabc
                  
*** (job aborted, no legal \end found)



Here is how much of LuaTeX's memory you used:
 18 strings out of 256749
 100000,552014 words of node,token memory allocated 4620 words of node memory still in use:
   29 hlist, 2 vlist, 2 math, 26 glue, 61 kern, 6 penalty, 207 noad, 215 math_c
har, 5 sub_mlist, 443 glyph, 41 glue_spec, 4 temp, 2 local_par, 4 dir nodes
   avail lists: 2:8,3:33,4:15,6:2,7:15,10:13
 3779 multiletter control sequences out of 65536+50000
 25 fonts using 710919 bytes
 18i,6n,12p,304b,57s stack positions out of 5000i,500n,6000p,200000b,50000s
!  ==> Fatal error occurred, no output PDF file produced!
