This is LuaTeX, Version beta-0.70.2-2012091206 (TeX Live 2012/Debian) (format=lualatex 2013.4.27)  5 MAY 2013 22:07
 \write18 enabled.
**/home/jacques/Musique/Gregorien/Partitions/Antienne/EgoSumPanisVivus_AM-main.
tex

(/home/jacques/Musique/Gregorien/Partitions/Antienne/EgoSumPanisVivus_AM-main.t
ex
LaTeX2e <2011/06/27>
LuaTeX adaptation of babel <v3.8m-luatex-1.5> and hyphenation patterns for engl
ish, dumylang, nohyphenation, ethiopic, farsi, arabic, pinyin, croatian, bulgar
ian, ukrainian, russian, slovak, czech, danish, dutch, usenglishmax, ukenglish,
 finnish, french, basque, ngerman, german, swissgerman, ngerman-x-2012-05-30, g
erman-x-2012-05-30, monogreek, greek, ibycus, ancientgreek, hungarian, bengali,
 tamil, hindi, telugu, sanskrit, gujarati, malayalam, kannada, assamese, marath
i, oriya, panjabi, italian, latin, latvian, lithuanian, mongolian, mongolianlmc
, nynorsk, bokmal, indonesian, esperanto, coptic, welsh, irish, interlingua, se
rbian, serbianc, slovenian, friulan, romansh, estonian, romanian, armenian, upp
ersorbian, turkish, afrikaans, icelandic, kurmanji, polish, portuguese, galicia
n, catalan, spanish, swedish, thai, loaded.
(/usr/share/texlive/texmf-dist/tex/latex/base/article.cls
Document Class: article 2007/10/19 v1.4h Standard LaTeX document class
(/usr/share/texlive/texmf-dist/tex/latex/base/size12.clo
File: size12.clo 2007/10/19 v1.4h Standard LaTeX file (size option)
)
\c@part=\count79
\c@section=\count80
\c@subsection=\count81
\c@subsubsection=\count82
\c@paragraph=\count83
\c@subparagraph=\count84
\c@figure=\count85
\c@table=\count86
\abovecaptionskip=\skip41
\belowcaptionskip=\skip42
\bibindent=\dimen102
)
(/usr/share/texlive/texmf-dist/tex/lualatex/luatextra/luatextra.sty
Package: luatextra 2010/10/10 v1.0 Loading usual LuaLaTeX packages

(/usr/share/texlive/texmf-dist/tex/generic/oberdiek/ifluatex.sty
Package: ifluatex 2010/03/01 v1.3 Provides the ifluatex switch (HO)
Package ifluatex Info: LuaTeX detected.
)
(/usr/share/texlive/texmf-dist/tex/latex/fontspec/fontspec.sty
Package: fontspec 2012/05/06 v2.2b Advanced font selection for XeLaTeX/LuaLaTeX


(/usr/share/texlive/texmf-dist/tex/latex/l3kernel/expl3.sty
(/usr/share/texlive/texmf-dist/tex/latex/l3kernel/l3names.sty
(/usr/share/texlive/texmf-dist/tex/latex/l3kernel/l3bootstrap.sty
Package: l3bootstrap 2012/07/16 v3991 L3 Experimental bootstrap code

(/usr/share/texlive/texmf-dist/tex/generic/oberdiek/luatex.sty
Package: luatex 2010/03/09 v0.4 LuaTeX basic definition package (HO)

(/usr/share/texlive/texmf-dist/tex/generic/oberdiek/infwarerr.sty
Package: infwarerr 2010/04/08 v1.3 Providing info/warning/error messages (HO)
)
(/usr/share/texlive/texmf-dist/tex/latex/etex-pkg/etex.sty
Package: etex 1998/03/26 v2.0 eTeX basic definition package (PEB)
\et@xins=\count87
)
\LuT@AllocAttribute=\count277
\LuT@AllocCatcodeTable=\count278
\CatcodeTableStack=\count279
\CatcodeTableIniTeX=\catcodetable1
\CatcodeTableString=\catcodetable3
\CatcodeTableOther=\catcodetable5
\CatcodeTableLaTeX=\catcodetable7

(/usr/share/texlive/texmf-dist/tex/generic/oberdiek/luatex-loader.sty
Package: luatex-loader 2010/03/09 v0.4 Lua module loader (HO)

(/usr/share/texlive/texmf-dist/scripts/oberdiek/oberdiek.luatex.lua)))
(/usr/share/texlive/texmf-dist/tex/generic/oberdiek/pdftexcmds.sty
Package: pdftexcmds 2011/11/29 v0.20 Utility functions of pdfTeX for LuaTeX (HO
)

(/usr/share/texlive/texmf-dist/tex/generic/oberdiek/ltxcmds.sty
Package: ltxcmds 2011/11/09 v1.22 LaTeX kernel commands for general use (HO)
)
(/usr/share/texlive/texmf-dist/tex/generic/oberdiek/ifpdf.sty
Package: ifpdf 2011/01/30 v2.3 Provides the ifpdf switch (HO)
Package ifpdf Info: pdfTeX in PDF mode is detected.
)
Package pdftexcmds Info: \pdf@primitive is available.
Package pdftexcmds Info: \pdf@ifprimitive is available.
Package pdftexcmds Info: \pdfdraftmode found.
\pdftexcmds@toks=\toks14
))
Package: l3names 2012/12/07 v4346 L3 Namespace for primitives
)
Package: expl3 2012/12/21 v4390 L3 Experimental code bundle wrapper

(/usr/share/texlive/texmf-dist/tex/latex/l3kernel/l3basics.sty
Package: l3basics 2012/11/24 v4339 L3 Basic definitions
)
(/usr/share/texlive/texmf-dist/tex/latex/l3kernel/l3expan.sty
Package: l3expan 2012/08/28 v4149 L3 Argument expansion
)
(/usr/share/texlive/texmf-dist/tex/latex/l3kernel/l3tl.sty
Package: l3tl 2012/11/24 v4339 L3 Token lists
)
(/usr/share/texlive/texmf-dist/tex/latex/l3kernel/l3seq.sty
Package: l3seq 2012/11/24 v4339 L3 Sequences and stacks
)
(/usr/share/texlive/texmf-dist/tex/latex/l3kernel/l3int.sty
Package: l3int 2012/09/26 v4237 L3 Integers
\c_max_int=\count280
\l_tmpa_int=\count281
\l_tmpb_int=\count282
\g_tmpa_int=\count283
\g_tmpb_int=\count284
\l_tmpc_int=\count285
)
(/usr/share/texlive/texmf-dist/tex/latex/l3kernel/l3quark.sty
Package: l3quark 2012/11/04 v4268 L3 Quarks
)
(/usr/share/texlive/texmf-dist/tex/latex/l3kernel/l3prg.sty
Package: l3prg 2012/11/24 v4339 L3 Control structures
\g__prg_map_int=\count286
)
(/usr/share/texlive/texmf-dist/tex/latex/l3kernel/l3clist.sty
Package: l3clist 2012/11/24 v4339 L3 Comma separated lists
)
(/usr/share/texlive/texmf-dist/tex/latex/l3kernel/l3token.sty
Package: l3token 2012/12/20 v4384 L3 Experimental token manipulation
)
(/usr/share/texlive/texmf-dist/tex/latex/l3kernel/l3prop.sty
Package: l3prop 2012/09/09 v4212 L3 Property lists
)
(/usr/share/texlive/texmf-dist/tex/latex/l3kernel/l3msg.sty
Package: l3msg 2012/09/09 v4212 L3 Messages
)
(/usr/share/texlive/texmf-dist/tex/latex/l3kernel/l3file.sty
Package: l3file 2012/12/20 v4377 L3 File and I/O operations
\l__ior_stream_int=\count287
\l_iow_line_count_int=\count288
\l__iow_target_count_int=\count289
\l__iow_current_line_int=\count290
\l__iow_current_word_int=\count291
\l__iow_current_indentation_int=\count292
)
(/usr/share/texlive/texmf-dist/tex/latex/l3kernel/l3skip.sty
Package: l3skip 2012/11/04 v4260 L3 Dimensions and skips
\c_zero_dim=\dimen256
\c_max_dim=\dimen257
\l_tmpa_dim=\dimen258
\l_tmpb_dim=\dimen259
\g_tmpa_dim=\dimen260
\g_tmpb_dim=\dimen261
\c_zero_skip=\skip256
\c_max_skip=\skip257
\l_tmpa_skip=\skip258
\l_tmpb_skip=\skip259
\g_tmpa_skip=\skip260
\g_tmpb_skip=\skip261
\c_zero_muskip=\muskip10
\c_max_muskip=\muskip11
\l_tmpa_muskip=\muskip12
\l_tmpb_muskip=\muskip13
\g_tmpa_muskip=\muskip14
\g_tmpb_muskip=\muskip15
)
(/usr/share/texlive/texmf-dist/tex/latex/l3kernel/l3keys.sty
Package: l3keys 2012/11/02 v4256 L3 Experimental key-value interfaces
\g__keyval_level_int=\count293
\l_keys_choice_int=\count294
)
(/usr/share/texlive/texmf-dist/tex/latex/l3kernel/l3fp.sty
Package: l3fp 2012/11/10 v4305 L3 Floating points
\c__fp_leading_shift_int=\count295
\c__fp_middle_shift_int=\count296
\c__fp_trailing_shift_int=\count297
\c__fp_big_leading_shift_int=\count298
\c__fp_big_middle_shift_int=\count299
\c__fp_big_trailing_shift_int=\count300
\c__fp_Bigg_leading_shift_int=\count301
\c__fp_Bigg_middle_shift_int=\count302
\c__fp_Bigg_trailing_shift_int=\count303
)
(/usr/share/texlive/texmf-dist/tex/latex/l3kernel/l3box.sty
Package: l3box 2012/12/08 v4347 L3 Experimental boxes
\c_empty_box=\box256
\l_tmpa_box=\box257
\l_tmpb_box=\box258
\g_tmpa_box=\box259
\g_tmpb_box=\box260
)
(/usr/share/texlive/texmf-dist/tex/latex/l3kernel/l3coffins.sty
Package: l3coffins 2012/09/09 v4212 L3 Coffin code layer
\l__coffin_internal_box=\box261
\l__coffin_internal_dim=\dimen262
\l__coffin_offset_x_dim=\dimen263
\l__coffin_offset_y_dim=\dimen264
\l__coffin_x_dim=\dimen265
\l__coffin_y_dim=\dimen266
\l__coffin_x_prime_dim=\dimen267
\l__coffin_y_prime_dim=\dimen268
\c_empty_coffin=\box262
\l__coffin_aligned_coffin=\box263
\l__coffin_aligned_internal_coffin=\box264
\l_tmpa_coffin=\box265
\l_tmpb_coffin=\box266
\l__coffin_display_coffin=\box267
\l__coffin_display_coord_coffin=\box268
\l__coffin_display_pole_coffin=\box269
\l__coffin_display_offset_dim=\dimen269
\l__coffin_display_x_dim=\dimen270
\l__coffin_display_y_dim=\dimen271
)
(/usr/share/texlive/texmf-dist/tex/latex/l3kernel/l3color.sty
Package: l3color 2012/08/29 v4156 L3 Experimental color support
)
(/usr/share/texlive/texmf-dist/tex/latex/l3kernel/l3luatex.sty
Package: l3luatex 2012/08/03 v4049 L3 Experimental LuaTeX-specific functions
\g__cctab_allocate_int=\count304
\g__cctab_stack_int=\count305
\c_code_cctab=\catcodetable9
)
(/usr/share/texlive/texmf-dist/tex/latex/l3kernel/l3candidates.sty
Package: l3candidates 2012/12/20 v4383 L3 Experimental additions to l3kernel
\l__box_top_dim=\dimen272
\l__box_bottom_dim=\dimen273
\l__box_left_dim=\dimen274
\l__box_right_dim=\dimen275
\l__box_top_new_dim=\dimen276
\l__box_bottom_new_dim=\dimen277
\l__box_left_new_dim=\dimen278
\l__box_right_new_dim=\dimen279
\l__box_internal_box=\box270
\l__coffin_bounding_shift_dim=\dimen280
\l__coffin_left_corner_dim=\dimen281
\l__coffin_right_corner_dim=\dimen282
\l__coffin_bottom_corner_dim=\dimen283
\l__coffin_top_corner_dim=\dimen284
\l__coffin_scaled_total_height_dim=\dimen285
\l__coffin_scaled_width_dim=\dimen286
))
(/usr/share/texlive/texmf-dist/tex/latex/l3packages/xparse/xparse.sty
Package: xparse 2012/12/21 v4390 L3 Experimental document command parser
\l__xparse_current_arg_int=\count306
\l__xparse_m_args_int=\count307
\l__xparse_mandatory_args_int=\count308
\l__xparse_processor_int=\count309
\l__xparse_v_nesting_int=\count310
)
(/usr/share/texlive/texmf-dist/tex/luatex/luaotfload/luaotfload.sty
Package: luaotfload 2012/05/28 v1.27 OpenType layout system

(/usr/share/texlive/texmf-dist/tex/luatex/luatexbase/luatexbase.sty
Package: luatexbase 2010/10/06 v0.3 Module utilities for LuaTeX

(/usr/share/texlive/texmf-dist/tex/luatex/luatexbase/luatexbase-compat.sty
Package: luatexbase-compat 2010/10/10 v0.3 Compatibility tools for LuaTeX
)
(/usr/share/texlive/texmf-dist/tex/luatex/luatexbase/luatexbase-loader.sty
Package: luatexbase-loader 2010/10/10 v0.3 Lua module loader for LuaTeX

(/usr/share/texlive/texmf-dist/tex/luatex/luatexbase/luatexbase.loader.lua))
(/usr/share/texlive/texmf-dist/tex/luatex/luatexbase/luatexbase-regs.sty
Package: luatexbase-regs 2010/10/10 v0.3 Registers allocation for LuaTeX
)
(/usr/share/texlive/texmf-dist/tex/luatex/luatexbase/luatexbase-attr.sty
Package: luatexbase-attr 2011/05/21 v0.31 Attributes allocation for LuaTeX

(/usr/share/texlive/texmf-dist/tex/luatex/luatexbase/attr.lua))
(/usr/share/texlive/texmf-dist/tex/luatex/luatexbase/luatexbase-cctb.sty
Package: luatexbase-cctb 2010/10/10 v0.3 Catcodetable allocation for LuaTeX

(/usr/share/texlive/texmf-dist/tex/luatex/luatexbase/cctb.lua)
\lltxb@catcodetable@alloc=\count311
\CatcodeTableIniTeX=\luatexcatcodetable1
\CatcodeTableString=\luatexcatcodetable3
\CatcodeTableOther=\luatexcatcodetable5
\CatcodeTableLaTeX=\luatexcatcodetable7
\CatcodeTableLaTeXAtLetter=\luatexcatcodetable9
\CatcodeTableExpl=\luatexcatcodetable11
)
(/usr/share/texlive/texmf-dist/tex/luatex/luatexbase/luatexbase-mcb.sty
Package: luatexbase-mcb 2010/10/10 v0.3 Callback management for LuaTeX

(/usr/share/texlive/texmf-dist/tex/luatex/luatexbase/luatexbase-modutils.sty
Package: luatexbase-modutils 2010/10/10 v0.3 Module utilities for LuaTeX

(/usr/share/texlive/texmf-dist/tex/luatex/luatexbase/modutils.lua))
(/usr/share/texlive/texmf-dist/tex/luatex/luatexbase/mcb.lua)
Lua module: luatexbase-mcb 2010/05/12 0.2 register several functions in a callb
ack
))
(/usr/share/texlive/texmf-dist/tex/luatex/lualibs/lualibs.lua)
Lua module: lualibs 2011/01/20 0.96 Lua additional functions.

(/usr/share/texlive/texmf-dist/tex/luatex/lualibs/lualibs-string.lua)
(/usr/share/texlive/texmf-dist/tex/luatex/lualibs/lualibs-lpeg.lua)
(/usr/share/texlive/texmf-dist/tex/luatex/lualibs/lualibs-boolean.lua)
(/usr/share/texlive/texmf-dist/tex/luatex/lualibs/lualibs-number.lua)
(/usr/share/texlive/texmf-dist/tex/luatex/lualibs/lualibs-math.lua)
(/usr/share/texlive/texmf-dist/tex/luatex/lualibs/lualibs-table.lua)
(/usr/share/texlive/texmf-dist/tex/luatex/lualibs/lualibs-aux.lua)
(/usr/share/texlive/texmf-dist/tex/luatex/lualibs/lualibs-io.lua)
(/usr/share/texlive/texmf-dist/tex/luatex/lualibs/lualibs-os.lua)
(/usr/share/texlive/texmf-dist/tex/luatex/lualibs/lualibs-file.lua)
(/usr/share/texlive/texmf-dist/tex/luatex/lualibs/lualibs-md5.lua)
(/usr/share/texlive/texmf-dist/tex/luatex/lualibs/lualibs-dir.lua)
(/usr/share/texlive/texmf-dist/tex/luatex/lualibs/lualibs-unicode.lua)
(/usr/share/texlive/texmf-dist/tex/luatex/lualibs/lualibs-utils.lua)
(/usr/share/texlive/texmf-dist/tex/luatex/lualibs/lualibs-dimen.lua)
(/usr/share/texlive/texmf-dist/tex/luatex/lualibs/lualibs-url.lua)
(/usr/share/texlive/texmf-dist/tex/luatex/lualibs/lualibs-set.lua)
(/usr/share/texlive/texmf-dist/tex/luatex/luaotfload/luaotfload.lua)
Lua module: luaotfload 2012/05/28 1.27 OpenType layout system.
luaotfload: loading file /usr/share/texlive/texmf-dist/tex/luatex/luaotfload/ot
fl-luat-dum.lua.(using cache: /home/jacques/.texmf-var/luatex-cache/generic)
luaotfload: loading file /usr/share/texlive/texmf-dist/tex/luatex/luaotfload/ot
fl-luat-ovr.lua.
luaotfload: loading file /usr/share/texlive/texmf-dist/tex/luatex/luaotfload/ot
fl-data-con.lua.
luaotfload: loading file /usr/share/texlive/texmf-dist/tex/luatex/luaotfload/ot
fl-font-ini.lua.
luaotfload: loading file /usr/share/texlive/texmf-dist/tex/luatex/luaotfload/ot
fl-node-dum.lua.
luaotfload: loading file /usr/share/texlive/texmf-dist/tex/luatex/luaotfload/ot
fl-node-inj.lua.
luaotfload: loading file /usr/share/texlive/texmf-dist/tex/luatex/luaotfload/ot
fl-font-tfm.lua.
luatexbase.attributes["otfl@state"] = 1
luaotfload: loading file /usr/share/texlive/texmf-dist/tex/luatex/luaotfload/ot
fl-font-cid.lua.
luaotfload: loading file /usr/share/texlive/texmf-dist/tex/luatex/luaotfload/ot
fl-font-ott.lua.
luaotfload: loading file /usr/share/texlive/texmf-dist/tex/luatex/luaotfload/ot
fl-font-map.lua.
luaotfload: loading file /usr/share/texlive/texmf-dist/tex/luatex/luaotfload/ot
fl-font-otf.lua.
luaotfload: loading file /usr/share/texlive/texmf-dist/tex/luatex/luaotfload/ot
fl-font-otd.lua.
luaotfload: loading file /usr/share/texlive/texmf-dist/tex/luatex/luaotfload/ot
fl-font-oti.lua.
luaotfload: loading file /usr/share/texlive/texmf-dist/tex/luatex/luaotfload/ot
fl-font-otb.lua.
luaotfload: loading file /usr/share/texlive/texmf-dist/tex/luatex/luaotfload/ot
fl-font-otn.lua.
luatexbase.attributes["otfl@markbase"] = 2
luatexbase.attributes["otfl@markmark"] = 3
luatexbase.attributes["otfl@markdone"] = 4
luatexbase.attributes["otfl@cursbase"] = 5
luatexbase.attributes["otfl@curscurs"] = 6
luatexbase.attributes["otfl@cursdone"] = 7
luatexbase.attributes["otfl@kernpair"] = 8
luaotfload: loading file /usr/share/texlive/texmf-dist/tex/luatex/luaotfload/ot
fl-font-ota.lua.
luaotfload: loading file /usr/share/texlive/texmf-dist/tex/luatex/luaotfload/ot
fl-font-otc.lua.
luaotfload: loading file /usr/share/texlive/texmf-dist/tex/luatex/luaotfload/ot
fl-font-def.lua.
luaotfload: loading file /usr/share/texlive/texmf-dist/tex/luatex/luaotfload/ot
fl-font-xtx.lua.
luaotfload: loading file /usr/share/texlive/texmf-dist/tex/luatex/luaotfload/ot
fl-font-dum.lua.
luaotfload: loading file /usr/share/texlive/texmf-dist/tex/luatex/luaotfload/ot
fl-font-nms.lua.
luaotfload: loading file /usr/share/texlive/texmf-dist/tex/luatex/luaotfload/ot
fl-font-clr.lua.
Module luatexbase-mcb info: creating 'luaotfload.patch_font' type 4
Module luatexbase-mcb info: inserting 'luaotfload.pre_linebreak_filter'
(luatexbase-mcb)            at position 1 in 'pre_linebreak_filter'
Module luatexbase-mcb info: inserting 'luaotfload.hpack_filter'
(luatexbase-mcb)            at position 1 in 'hpack_filter'
Module luatexbase-mcb info: resetting callback 'define_font'
Module luatexbase-mcb info: inserting 'luaotfload.define_font'
(luatexbase-mcb)            at position 1 in 'define_font'
Module luatexbase-mcb info: inserting 'luaotfload.find_vf_file'
(luatexbase-mcb)            at position 1 in 'find_vf_file'
Module luatexbase-mcb info: inserting 'unicodemath.set_sscale_diments'
(luatexbase-mcb)            at position 1 in 'luaotfload.patch_font'
)
(/usr/share/texlive/texmf-dist/tex/latex/fontspec/fontspec.lua)
Lua module: fontspec 2009/12/04 2 Advanced font selection for LuaLaTeX.

Module luatexbase-mcb info: inserting 'fontspec.set_capheight'
(luatexbase-mcb)            at position 2 in 'luaotfload.patch_font'
\l_fontspec_script_int=\count312
\l_fontspec_language_int=\count313
\l_fontspec_strnum_int=\count314
\l_fontspec_tmpa_dim=\dimen287
\l_fontspec_tmpb_dim=\dimen288
\l_fontspec_tmpc_dim=\dimen289
Variant \tl_gset:cV already defined; not changing it on line 66
(/usr/share/texlive/texmf-dist/tex/latex/fontspec/fontspec-patches.sty
Package: fontspec-patches 2012/05/06 v2.2b Advanced font selection for XeLaTeX/
LuaLaTeX

(/usr/share/texlive/texmf-dist/tex/latex/base/fixltx2e.sty
Package: fixltx2e 2006/09/13 v1.1m fixes to LaTeX
LaTeX Info: Redefining \em on input line 420.
)
LaTeX Info: Redefining \em on input line 22.
LaTeX Info: Redefining \emph on input line 29.
LaTeX Info: Redefining \- on input line 32.

*************************************************
* LaTeX warning: "xparse/redefine-command"
* 
* Redefining document command \oldstylenums with arg. spec. 'm' on line 107.
*************************************************
.................................................
. LaTeX info: "xparse/define-command"
. 
. Defining document command \liningnums with arg. spec. 'm' on line 111.
.................................................
) (/usr/share/texlive/texmf-dist/tex/latex/fontspec/fontspec-luatex.sty
Package: fontspec-luatex 2012/05/06 v2.2b Advanced font selection for XeLaTeX/L
uaLaTeX

(/usr/share/texlive/texmf-dist/tex/latex/base/fontenc.sty
Package: fontenc 2005/09/27 v1.99g Standard LaTeX package

(/usr/share/texlive/texmf-dist/tex/latex/euenc/eu2enc.def
File: eu2enc.def 2010/05/27 v0.1h Experimental Unicode font encodings
)
LaTeX Font Info:    Try loading font information for EU2+lmr on input line 100.


(/usr/share/texlive/texmf-dist/tex/latex/euenc/eu2lmr.fd
File: eu2lmr.fd 2009/10/30 v1.6 Font defs for Latin Modern
)
luaotfload | load font: auto-selecting default features for script: dflt (was l
atn)(load: /home/jacques/.texmf-var/luatex-cache/generic/fonts/otf/temp-lmroman
10-regular.lua))
(/usr/share/texlive/texmf-dist/tex/xelatex/xunicode/xunicode.sty
File: xunicode.sty 2011/09/09 v0.981 provides access to latin accents and many 
other characters in Unicode lower plane

(/usr/share/texmf/tex/latex/tipa/t3enc.def
File: t3enc.def 2001/12/31 T3 encoding
luaotfload | load font: auto-selecting default features for script: dflt (was l
atn)(load: /home/jacques/.texmf-var/luatex-cache/generic/fonts/otf/temp-lmroman
slant10-regular.lua)
luaotfload | load font: auto-selecting default features for script: dflt (was l
atn)(load: /home/jacques/.texmf-var/luatex-cache/generic/fonts/otf/temp-lmroman
10-italic.lua)
luaotfload | load font: auto-selecting default features for script: dflt (was l
atn)(load: /home/jacques/.texmf-var/luatex-cache/generic/fonts/otf/temp-lmroman
10-bold.lua)
LaTeX Font Info:    Try loading font information for EU2+lmss on input line 357
.

(/usr/share/texlive/texmf-dist/tex/latex/euenc/eu2lmss.fd
File: eu2lmss.fd 2009/10/30 v1.6 Font defs for Latin Modern
)
luaotfload | load font: auto-selecting default features for script: dflt (was l
atn)(load: /home/jacques/.texmf-var/luatex-cache/generic/fonts/otf/temp-lmsans1
0-regular.lua))
\tipaTiiicode=\count315
\tipasavetokens=\toks15
\tipachecktokens=\toks16

(/usr/share/texlive/texmf-dist/tex/latex/graphics/graphicx.sty
Package: graphicx 1999/02/16 v1.0f Enhanced LaTeX Graphics (DPC,SPQR)

(/usr/share/texlive/texmf-dist/tex/latex/graphics/keyval.sty
Package: keyval 1999/03/16 v1.13 key=value parser (DPC)
\KV@toks@=\toks17
)
(/usr/share/texlive/texmf-dist/tex/latex/graphics/graphics.sty
Package: graphics 2009/02/05 v1.0o Standard LaTeX Graphics (DPC,SPQR)

(/usr/share/texlive/texmf-dist/tex/latex/graphics/trig.sty
Package: trig 1999/03/16 v1.09 sin cos tan (DPC)
)
(/usr/share/texlive/texmf-dist/tex/latex/latexconfig/graphics.cfg
File: graphics.cfg 2010/04/23 v1.9 graphics configuration of TeX Live
)
Package graphics Info: Driver file: pdftex.def on input line 91.

(/usr/share/texlive/texmf-dist/tex/latex/pdftex-def/pdftex.def
File: pdftex.def 2011/05/27 v0.06d Graphics/color for pdfTeX
\Gread@gobject=\count316
))
\Gin@req@height=\dimen290
\Gin@req@width=\dimen291
))
.................................................
. LaTeX info: "xparse/define-command"
. 
. Defining document command \fontspec with arg. spec. 'O{}m' on line 42.
.................................................
.................................................
. LaTeX info: "xparse/define-command"
. 
. Defining document command \setmainfont with arg. spec. 'O{}m' on line 46.
.................................................
.................................................
. LaTeX info: "xparse/define-command"
. 
. Defining document command \setsansfont with arg. spec. 'O{}m' on line 50.
.................................................
.................................................
. LaTeX info: "xparse/define-command"
. 
. Defining document command \setmonofont with arg. spec. 'O{}m' on line 54.
.................................................
.................................................
. LaTeX info: "xparse/define-command"
. 
. Defining document command \setmathrm with arg. spec. 'O{}m' on line 62.
.................................................
.................................................
. LaTeX info: "xparse/define-command"
. 
. Defining document command \setboldmathrm with arg. spec. 'O{}m' on line 65.
.................................................
.................................................
. LaTeX info: "xparse/define-command"
. 
. Defining document command \setmathsf with arg. spec. 'O{}m' on line 68.
.................................................
.................................................
. LaTeX info: "xparse/define-command"
. 
. Defining document command \setmathtt with arg. spec. 'O{}m' on line 71.
.................................................
.................................................
. LaTeX info: "xparse/define-command"
. 
. Defining document command \newfontfamily with arg. spec. 'mO{}m' on line 87.
.................................................
.................................................
. LaTeX info: "xparse/define-command"
. 
. Defining document command \newfontface with arg. spec. 'mO{}m' on line 90.
.................................................
.................................................
. LaTeX info: "xparse/define-command"
. 
. Defining document command \defaultfontfeatures with arg. spec. 'm' on line
. 94.
.................................................
.................................................
. LaTeX info: "xparse/define-command"
. 
. Defining document command \addfontfeatures with arg. spec. 'm' on line 110.
.................................................
.................................................
. LaTeX info: "xparse/define-command"
. 
. Defining document command \newfontfeature with arg. spec. 'mm' on line 121.
.................................................
.................................................
. LaTeX info: "xparse/define-command"
. 
. Defining document command \newAATfeature with arg. spec. 'mmmm' on line 128.
.................................................
.................................................
. LaTeX info: "xparse/define-command"
. 
. Defining document command \newICUfeature with arg. spec. 'mmm' on line 135.
.................................................
.................................................
. LaTeX info: "xparse/define-command"
. 
. Defining document command \aliasfontfeature with arg. spec. 'mm' on line
. 162.
.................................................
.................................................
. LaTeX info: "xparse/define-command"
. 
. Defining document command \aliasfontfeatureoption with arg. spec. 'mmm' on
. line 167.
.................................................
.................................................
. LaTeX info: "xparse/define-command"
. 
. Defining document command \newfontscript with arg. spec. 'mm' on line 172.
.................................................
.................................................
. LaTeX info: "xparse/define-command"
. 
. Defining document command \newfontlanguage with arg. spec. 'mm' on line 195.
.................................................
.................................................
. LaTeX info: "xparse/define-command"
. 
. Defining document command \DeclareFontsExtensions with arg. spec. 'm' on
. line 214.
.................................................
Variant \prop_gput:cnV already defined; not changing it on line 489
Variant \prop_gput:cnx already defined; not changing it on line 490
\l_fontspec_tmp_int=\count317
LaTeX Info: Redefining \itshape on input line 1819.
LaTeX Info: Redefining \slshape on input line 1823.
LaTeX Info: Redefining \scshape on input line 1827.
LaTeX Info: Redefining \upshape on input line 1831.

(/usr/share/texlive/texmf-dist/tex/latex/fontspec/fontspec.cfg)))
(/usr/share/texlive/texmf-dist/tex/latex/metalogo/metalogo.sty
Package: metalogo 2010/05/29 v0.12 Extended TeX logo macros

(/usr/share/texlive/texmf-dist/tex/generic/ifxetex/ifxetex.sty
Package: ifxetex 2010/09/12 v0.6 Provides ifxetex conditional
)
\xl@everylogo=\toks18
\xl@@everylogo=\toks19
LaTeX Info: Redefining \TeX on input line 193.
LaTeX Info: Redefining \LaTeX on input line 202.
LaTeX Info: Redefining \LaTeXe on input line 219.
)
(/usr/share/texlive/texmf-dist/tex/lualatex/luacode/luacode.sty
Package: luacode 2012/01/23 v1.2a lua-in-tex helpers (mpg)
\luacode@lines=\toks20
\luacode@table@soft=\luatexcatcodetable13
))
(/usr/share/texmf/tex/latex/gregoriotex/gregoriotex.sty
Package: gregoriotex 2010/09/27 v2.1 GregorioTeX system.

(/usr/share/texmf/tex/latex/xcolor/xcolor.sty
Package: xcolor 2007/01/21 v2.11 LaTeX color extensions (UK)

(/usr/share/texlive/texmf-dist/tex/latex/latexconfig/color.cfg
File: color.cfg 2007/01/18 v1.5 color configuration of teTeX/TeXLive
)
Package xcolor Info: Driver file: pdftex.def on input line 225.
Package xcolor Info: Model `cmy' substituted by `cmy0' on input line 1337.
Package xcolor Info: Model `hsb' substituted by `rgb' on input line 1341.
Package xcolor Info: Model `RGB' extended on input line 1353.
Package xcolor Info: Model `HTML' substituted by `rgb' on input line 1355.
Package xcolor Info: Model `Hsb' substituted by `hsb' on input line 1356.
Package xcolor Info: Model `tHsb' substituted by `hsb' on input line 1357.
Package xcolor Info: Model `HSB' substituted by `hsb' on input line 1358.
Package xcolor Info: Model `Gray' substituted by `gray' on input line 1359.
Package xcolor Info: Model `wave' substituted by `hsb' on input line 1360.
)
(/usr/share/texmf/tex/gregoriotex/gregoriotex.tex
\gregorioattr=\luatexattribute9

(/usr/share/texmf/tex/gregoriotex/gregoriotex.lua)
Lua module: gregoriotex 2010/09/27 2.1 GregorioTeX module.
\Greaux=\write3
\grefactor=\count318

(/usr/share/texmf/tex/gregoriotex/gregoriotex-spaces.tex
\greadditionallineswidth=\skip262
\grezerowidthspace=\skip263
\greinterglyphspace=\skip264
\grealterationspace=\skip265
\grebeforechoralsignspace=\skip266
\greclefflatspace=\skip267
\grebeforealterationspace=\skip268
\greinterelementspace=\skip269
\grelargerspace=\skip270
\greglyphspace=\skip271
\greintersyllablespace=\skip272
\grespacebeforecusto=\skip273
\grespacebeforesigns=\skip274
\grespaceaftersigns=\skip275
\grespaceafterlineclef=\skip276
\greinterwordspacenotes=\skip277
\greinterwordspacenotestext=\skip278
\greinterwordspacetextnotes=\skip279
\greinterwordspacetext=\skip280
\grebitrivirspace=\skip281
\grebitristrospace=\skip282
\grepunctuminclinatumshift=\skip283
\grebeforepunctainclinatashift=\skip284
\grepunctuminclinatumanddebilisshift=\skip285
\grepunctuminclinatumdebilisshift=\skip286
\grepunctuminclinatumbigshift=\skip287
\grepunctuminclinatummaxshift=\skip288
\grespacearoundsmallbar=\skip289
\grespacearoundminor=\skip290
\grespacearoundmaior=\skip291
\grespacearoundfinalis=\skip292
\grespacebeforefinalfinalis=\skip293
\grespacearoundclefbars=\skip294
\gretextbartextspace=\skip295
\grenotebarspace=\skip296
\gremaximumspacewithoutdash=\dimen292
\greafterclefnospace=\skip297
\greadditionallineswidth=\dimen293
\greafterinitialshift=\skip298
\grebeforeinitialshift=\skip299
\greminimalspaceatlinebeginning=\dimen294
\greaboveinitialseparation=\dimen295
\grestafflineheight=\dimen296
\greinterstafflinespace=\dimen297
\grestafflinediff=\dimen298
\greabovesignsspace=\dimen299
\grebelowsignsspace=\dimen300
\grelowchoralsignshift=\dimen301
\grehighchoralsignshift=\dimen302
\gretranslationheight=\dimen303
\grespaceabovelines=\skip300
\greabovelinestextraise=\dimen304
\greabovelinestextheight=\dimen305
\grespacelinestext=\skip301
\grespacebeneathtext=\skip302
\greconstantglyphraise=\dimen306
\grestaffheight=\dimen307
\greclefchangespace=\skip303
\grenoclefspace=\dimen308
\grebraceshift=\skip304
\grecurlybraceaccentusshift=\skip305

(/usr/share/texmf/tex/gregoriotex/gsp-default.tex))
\grestafflinewidth=\dimen309
\grelinewidth=\dimen310
\grecurrenttranslationheight=\dimen311
\greadditionalbottomspace=\dimen312
\greadditionaltopspace=\dimen313
\gretextlower=\dimen314
\GreTempwidth=\box271
\gretempwidth=\dimen315
\gretextaligncenter=\dimen316
\gregoriotextdashwidth=\dimen317
\greadditionalleftspace=\dimen318
\GreInitial=\box272
\greinitialwidth=\dimen319
\grebiginitial=\count319
\greknownline=\count320
\GreAboveinitialfirstbox=\box273
\greaboveinitialfirstraise=\dimen320
\GreAboveinitialsecondbox=\box274
\greaboveinitialsecondraise=\dimen321
\grecurrentabovelinestextheight=\dimen322
\GreLines=\box275

(/usr/share/texmf/tex/gregoriotex/gregoriotex-signs.tex
\greclefnum=\count321
\greclefwidth=\dimen323
\GreTempsign=\box276
\gretempdimsignwidth=\dimen324
\gretempdimtwo=\dimen325
\keeprightbox=\count322
\grefirstisalteration=\count323
)
(/usr/share/texmf/tex/gregoriotex/gregoriotex-syllable.tex
\greglyphraisevalue=\dimen326
\greaddedraisevalue=\dimen327
\gretempdimcount=\count324
\greisonaline=\count325
\grefirstglyph=\count326
\grelastglyphwidth=\dimen328
\grenotesaligncenter=\dimen329
\GreSyllablenotes=\box277
\greenddifference=\dimen330
\grepreviousenddifference=\dimen331
\grebegindifference=\dimen332
\gretempdim=\dimen333
\GreSyllabletext=\box278
\grefirstsyllableofword=\count327
\greendofscore=\count328
\greskipone=\skip306
\grenextbegindifference=\skip307
\gretempdimskip=\skip308
)
\printchirovbars=\count329
\grelastoflinecount=\count330
\greblockcusto=\count331

(/usr/share/texmf/tex/gregoriotex/gregoriotex-symbols.tex
\gretempfactor=\count332
)))
checksum mismatch in font greciliae.ofm.vf ignored 
luaotfload | Font names database loaded: /home/jacques/.texmf-var/luatex-cache/
generic/names/otfl-names.lua
luaotfload | load font: font family='lettrinespro800', subfamily='regular' foun
d: l800.ttf(load: /home/jacques/.texmf-var/luatex-cache/generic/fonts/otf/temp-
l800.lua)
luaotfload | load font: font family='lettrinespro800', subfamily='regular' foun
d: l800.ttf
.................................................
. fontspec info: "no-scripts"
. 
. Font Lettrinespro800 does not contain any OpenType `Script' information.
.................................................
\g_fontspec_family_Lettrines pro 800_int=\count333
luaotfload | load font: font family='lettrinespro800', subfamily='regular' foun
d: l800.ttf
luaotfload | load font: font family='lettrinespro800', subfamily='regular' foun
d: l800.ttf
.................................................
. fontspec info: "no-font-shape"
. 
. Could not resolve font Lettrinespro800/B (it probably doesn't exist).
.................................................
luaotfload | load font: font family='lettrinespro800', subfamily='regular' foun
d: l800.ttf
.................................................
. fontspec info: "no-font-shape"
. 
. Could not resolve font Lettrinespro800/I (it probably doesn't exist).
.................................................
luaotfload | load font: font family='lettrinespro800', subfamily='regular' foun
d: l800.ttf
.................................................
. fontspec info: "no-font-shape"
. 
. Could not resolve font Lettrinespro800/BI (it probably doesn't exist).
.................................................
.................................................
. fontspec info: "defining-font"
. 
. Font family 'Lettrinespro800(0)' created for font 'Lettrines pro 800' with
. options [].
. 
. This font family consists of the following shapes:
. 
. * 'normal' with NFSS spec.:
. <->"name:Lettrinespro800:mode=node;"
.................................................
luaotfload | load font: font family='linuxlibertinedisplayo', subfamily='regula
r' found: LinLibertine_DR.otf(load: /home/jacques/.texmf-var/luatex-cache/gener
ic/fonts/otf/temp-linlibertine-dr.lua)
luaotfload | fonts: source file '/usr/share/texlive/texmf-dist/fonts/opentype/p
ublic/libertineotf/LinLibertine_DR.otf' is not found
luaotfload | fonts: using source file '/usr/share/texlive/texmf-dist/fonts/open
type/public/libertine/LinLibertine_DR.otf' (cache mismatch)
luaotfload | load font: font family='linuxlibertinedisplayo', subfamily='regula
r' found: LinLibertine_DR.otf
fontspec: script 'latn' exists in font 'Linux Libertine Display O'
fontspec: script 'latn' exists in font 'Linux Libertine Display O'
\g_fontspec_family_Linux Libertine Display O_int=\count334
luaotfload | load font: font family='linuxlibertinedisplayo', subfamily='regula
r' found: LinLibertine_DR.otf
luaotfload | load font: font family='linuxlibertinedisplayo', subfamily='regula
r' found: LinLibertine_DR.otf
.................................................
. fontspec info: "no-font-shape"
. 
. Could not resolve font LinuxLibertineDisplayO/B (it probably doesn't exist).
.................................................
luaotfload | load font: font family='linuxlibertinedisplayo', subfamily='regula
r' found: LinLibertine_DR.otf
.................................................
. fontspec info: "no-font-shape"
. 
. Could not resolve font LinuxLibertineDisplayO/I (it probably doesn't exist).
.................................................
luaotfload | load font: font family='linuxlibertinedisplayo', subfamily='regula
r' found: LinLibertine_DR.otf
.................................................
. fontspec info: "no-font-shape"
. 
. Could not resolve font LinuxLibertineDisplayO/BI (it probably doesn't
. exist).
.................................................
.................................................
. fontspec info: "defining-font"
. 
. Font family 'LinuxLibertineDisplayO(0)' created for font 'Linux Libertine
. Display O' with options [].
. 
. This font family consists of the following shapes:
. 
. * 'normal' with NFSS spec.:
. <->"name:LinuxLibertineDisplayO:mode=node;script=latn;language=DFLT;"
.................................................
luaotfload | load font: font family='linuxlibertinedisplayo', subfamily='regula
r' found: LinLibertine_DR.otf
luaotfload | load font: font family='linuxlibertinedisplayo', subfamily='regula
r' found: LinLibertine_DR.otf
fontspec: script 'latn' exists in font 'Linux Libertine Display O'
fontspec: script 'latn' exists in font 'Linux Libertine Display O'
fontspec: feature '+liga' for language 'DFLT' and script 'latn' exists in font 
'Linux Libertine Display O'
fontspec: feature '+onum' for language 'DFLT' and script 'latn' exists in font 
'Linux Libertine Display O'
luaotfload | load font: font family='linuxlibertinedisplayo', subfamily='regula
r' found: LinLibertine_DR.otf
fontspec: feature '+liga' for language 'DFLT' and script 'latn' exists in font 
'Linux Libertine Display O'
fontspec: feature '+onum' for language 'DFLT' and script 'latn' exists in font 
'Linux Libertine Display O'
luaotfload | load font: font family='linuxlibertinedisplayo', subfamily='regula
r' found: LinLibertine_DR.otf
.................................................
. fontspec info: "no-font-shape"
. 
. Could not resolve font LinuxLibertineDisplayO/B (it probably doesn't exist).
.................................................
luaotfload | load font: font family='linuxlibertinedisplayo', subfamily='regula
r' found: LinLibertine_DR.otf
.................................................
. fontspec info: "no-font-shape"
. 
. Could not resolve font LinuxLibertineDisplayO/I (it probably doesn't exist).
.................................................
luaotfload | load font: font family='linuxlibertinedisplayo', subfamily='regula
r' found: LinLibertine_DR.otf
.................................................
. fontspec info: "no-font-shape"
. 
. Could not resolve font LinuxLibertineDisplayO/BI (it probably doesn't
. exist).
.................................................
.................................................
. fontspec info: "defining-font"
. 
. Font family 'LinuxLibertineDisplayO(1)' created for font 'Linux Libertine
. Display O' with options [Ligatures={Common,TeX},Numbers=OldStyle].
. 
. This font family consists of the following shapes:
. 
. * 'normal' with NFSS spec.:
. 
. <->"name:LinuxLibertineDisplayO:mode=node;script=latn;language=DFLT;+liga;+tl
ig;+trep;+onum;"
.................................................
luaotfload | load font: auto-selecting default features for script: dflt (was l
atn)
luaotfload | load font: font family='linuxlibertinedisplayo', subfamily='regula
r' found: LinLibertine_DR.otf
luaotfload | load font: font family='kp', subfamily='regular' found: kp.ttf(loa
d: /home/jacques/.texmf-var/luatex-cache/generic/fonts/otf/temp-kp.lua)
luaotfload | load font: font family='kp', subfamily='regular' found: kp.ttf
.................................................
. fontspec info: "no-scripts"
. 
. Font Kp does not contain any OpenType `Script' information.
.................................................

*************************************************
* fontspec warning: "icu-feature-not-exist-in-font"
* 
* OpenType feature 'Ligatures=Common,TeX' (+liga) not available for font 'Kp'
* with script '' and language ''.
*************************************************
*************************************************
* fontspec warning: "icu-feature-not-exist-in-font"
* 
* OpenType feature 'Numbers=OldStyle' (+onum) not available for font 'Kp' with
* script '' and language ''.
*************************************************
\g_fontspec_family_Kp_int=\count335
luaotfload | load font: font family='kp', subfamily='regular' found: kp.ttf
*************************************************
* fontspec warning: "icu-feature-not-exist-in-font"
* 
* OpenType feature 'Ligatures=Common,TeX' (+liga) not available for font 'Kp'
* with script '' and language ''.
*************************************************
*************************************************
* fontspec warning: "icu-feature-not-exist-in-font"
* 
* OpenType feature 'Numbers=OldStyle' (+onum) not available for font 'Kp' with
* script '' and language ''.
*************************************************
luaotfload | load font: font family='kp', subfamily='regular' found: kp.ttf
luaotfload | load font: font family='kp', subfamily='bold' found: Kp-bold.ttf(l
oad: /home/jacques/.texmf-var/luatex-cache/generic/fonts/otf/temp-kp-bold.lua)
luaotfload | load font: font family='kp', subfamily='bold' found: Kp-bold.ttf
*************************************************
* fontspec warning: "icu-feature-not-exist-in-font"
* 
* OpenType feature 'Ligatures=Common,TeX' (+liga) not available for font
* 'Kp/B' with script '' and language ''.
*************************************************
*************************************************
* fontspec warning: "icu-feature-not-exist-in-font"
* 
* OpenType feature 'Numbers=OldStyle' (+onum) not available for font 'Kp/B'
* with script '' and language ''.
*************************************************
luaotfload | load font: font family='kp', subfamily='regular' found: kp.ttf
luaotfload | load font: font family='kp', subfamily='italic' found: Kp-Italic.t
tf(load: /home/jacques/.texmf-var/luatex-cache/generic/fonts/otf/temp-kp-italic
.lua)
luaotfload | load font: font family='kp', subfamily='italic' found: Kp-Italic.t
tf
*************************************************
* fontspec warning: "icu-feature-not-exist-in-font"
* 
* OpenType feature 'Ligatures=Common,TeX' (+liga) not available for font
* 'Kp/I' with script '' and language ''.
*************************************************
*************************************************
* fontspec warning: "icu-feature-not-exist-in-font"
* 
* OpenType feature 'Numbers=OldStyle' (+onum) not available for font 'Kp/I'
* with script '' and language ''.
*************************************************
luaotfload | load font: font family='kp', subfamily='regular' found: kp.ttf
.................................................
. fontspec info: "no-font-shape"
. 
. Could not resolve font Kp/BI (it probably doesn't exist).
.................................................
.................................................
. fontspec info: "defining-font"
. 
. Font family 'Kp(0)' created for font 'Kp' with options
. [Ligatures={Common,TeX},Numbers=OldStyle].
. 
. This font family consists of the following shapes:
. 
. * 'normal' with NFSS spec.:
. <->"name:Kp:mode=node;+tlig;+trep;"
. 
. * 'bold' with NFSS spec.:
. <->"name:Kp/B:mode=node;+tlig;+trep;"
. 
. * 'italic' with NFSS spec.:
. <->"name:Kp/I:mode=node;+tlig;+trep;"
.................................................
luaotfload | load font: font family='couriernew', subfamily='regular' found: Co
urier_New.ttf(load: /home/jacques/.texmf-var/luatex-cache/generic/fonts/otf/tem
p-courier-new.lua)
luaotfload | load font: font family='couriernew', subfamily='regular' found: Co
urier_New.ttf
.................................................
. fontspec info: "no-scripts"
. 
. Font CourierNew does not contain any OpenType `Script' information.
.................................................
\g_fontspec_family_Courier New_int=\count336
luaotfload | load font: font family='couriernew', subfamily='regular' found: Co
urier_New.ttf
luaotfload | load font: font family='couriernew', subfamily='regular' found: Co
urier_New.ttf
luaotfload | load font: font family='couriernew', subfamily='bold' found: Couri
er_New_Bold.ttf(load: /home/jacques/.texmf-var/luatex-cache/generic/fonts/otf/t
emp-courier-new-bold.lua)
luaotfload | load font: font family='couriernew', subfamily='bold' found: Couri
er_New_Bold.ttf
luaotfload | load font: font family='couriernew', subfamily='regular' found: Co
urier_New.ttf
luaotfload | load font: font family='couriernew', subfamily='italic' found: Cou
rier_New_Italic.ttf(load: /home/jacques/.texmf-var/luatex-cache/generic/fonts/o
tf/temp-courier-new-italic.lua)
luaotfload | load font: font family='couriernew', subfamily='italic' found: Cou
rier_New_Italic.ttf
luaotfload | load font: font family='couriernew', subfamily='regular' found: Co
urier_New.ttf
luaotfload | load font: font family='couriernew', subfamily='bolditalic' found:
 Courier_New_Bold_Italic.ttf(load: /home/jacques/.texmf-var/luatex-cache/generi
c/fonts/otf/temp-courier-new-bold-italic.lua)
luaotfload | load font: font family='couriernew', subfamily='bolditalic' found:
 Courier_New_Bold_Italic.ttf
.................................................
. fontspec info: "defining-font"
. 
. Font family 'CourierNew(0)' created for font 'Courier New' with options
. [Ligatures={TeX}].
. 
. This font family consists of the following shapes:
. 
. * 'normal' with NFSS spec.:
. <->"name:CourierNew:mode=node;+tlig;+trep;"
. 
. * 'bold' with NFSS spec.:
. <->"name:CourierNew/B:mode=node;+tlig;+trep;"
. 
. * 'italic' with NFSS spec.:
. <->"name:CourierNew/I:mode=node;+tlig;+trep;"
. 
. * 'bold italic' with NFSS spec.:
. <->"name:CourierNew/BI:mode=node;+tlig;+trep;"
.................................................
 (./EgoSumPanisVivus_AM-main.aux)
LaTeX Font Info:    Checking defaults for OML/cmm/m/it on input line 17.
LaTeX Font Info:    ... okay on input line 17.
LaTeX Font Info:    Checking defaults for T1/cmr/m/n on input line 17.
LaTeX Font Info:    ... okay on input line 17.
LaTeX Font Info:    Checking defaults for OT1/cmr/m/n on input line 17.
LaTeX Font Info:    ... okay on input line 17.
LaTeX Font Info:    Checking defaults for OMS/cmsy/m/n on input line 17.
LaTeX Font Info:    ... okay on input line 17.
LaTeX Font Info:    Checking defaults for OMX/cmex/m/n on input line 17.
LaTeX Font Info:    ... okay on input line 17.
LaTeX Font Info:    Checking defaults for U/cmr/m/n on input line 17.
LaTeX Font Info:    ... okay on input line 17.
LaTeX Font Info:    Checking defaults for EU2/lmr/m/n on input line 17.
LaTeX Font Info:    ... okay on input line 17.
LaTeX Font Info:    Checking defaults for T3/cmr/m/n on input line 17.
LaTeX Font Info:    Try loading font information for T3+cmr on input line 17.

(/usr/share/texmf/tex/latex/tipa/t3cmr.fd
File: t3cmr.fd 2001/12/31 TIPA font definitions
)
LaTeX Font Info:    ... okay on input line 17.
luaotfload | load font: auto-selecting default features for script: dflt (was l
atn)
luaotfload | load font: font family='linuxlibertinedisplayo', subfamily='regula
r' found: LinLibertine_DR.otf
(/usr/share/texlive/texmf-dist/tex/context/base/supp-pdf.mkii
[Loading MPS to PDF converter (version 2006.09.02).]
\scratchcounter=\count337
\scratchdimen=\dimen334
\scratchbox=\box279
\nofMPsegments=\count338
\nofMParguments=\count339
\everyMPshowfont=\toks21
\MPscratchCnt=\count340
\MPscratchDim=\dimen335
\MPnumerator=\count341
\makeMPintoPDFobject=\count342
\everyMPtoPDFconversion=\toks22
) (/usr/share/texlive/texmf-dist/tex/latex/oberdiek/epstopdf-base.sty
Package: epstopdf-base 2010/02/09 v2.5 Base part for package epstopdf

(/usr/share/texlive/texmf-dist/tex/latex/oberdiek/grfext.sty
Package: grfext 2010/08/19 v1.1 Manage graphics extensions (HO)

(/usr/share/texlive/texmf-dist/tex/generic/oberdiek/kvdefinekeys.sty
Package: kvdefinekeys 2011/04/07 v1.3 Define keys (HO)
))
(/usr/share/texlive/texmf-dist/tex/latex/oberdiek/kvoptions.sty
Package: kvoptions 2011/06/30 v3.11 Key value format for package options (HO)

(/usr/share/texlive/texmf-dist/tex/generic/oberdiek/kvsetkeys.sty
Package: kvsetkeys 2012/04/25 v1.16 Key value parser (HO)

(/usr/share/texlive/texmf-dist/tex/generic/oberdiek/etexcmds.sty
Package: etexcmds 2011/02/16 v1.5 Avoid name clashes with e-TeX commands (HO)
)))
Package grfext Info: Graphics extension search list:
(grfext)             [.png,.pdf,.jpg,.mps,.jpeg,.jbig2,.jb2,.PNG,.PDF,.JPG,.JPE
G,.JBIG2,.JB2,.eps]
(grfext)             \AppendGraphicsExtensions on input line 452.

(/usr/share/texlive/texmf-dist/tex/latex/latexconfig/epstopdf-sys.cfg
File: epstopdf-sys.cfg 2010/07/13 v1.3 Configuration of (r)epstopdf for TeX Liv
e
))
.................................................
. fontspec info: "setup-math"
. 
. Adjusting the maths setup (use [no-math] to avoid this).
.................................................
\symlegacymaths=\mathgroup4
LaTeX Font Info:    Overwriting symbol font `legacymaths' in version `bold'
(Font)                  OT1/cmr/m/n --> OT1/cmr/bx/n on input line 17.
LaTeX Font Info:    Redeclaring math accent \acute on input line 17.
LaTeX Font Info:    Redeclaring math accent \grave on input line 17.
LaTeX Font Info:    Redeclaring math accent \ddot on input line 17.
LaTeX Font Info:    Redeclaring math accent \tilde on input line 17.
LaTeX Font Info:    Redeclaring math accent \bar on input line 17.
LaTeX Font Info:    Redeclaring math accent \breve on input line 17.
LaTeX Font Info:    Redeclaring math accent \check on input line 17.
LaTeX Font Info:    Redeclaring math accent \hat on input line 17.
LaTeX Font Info:    Redeclaring math accent \dot on input line 17.
LaTeX Font Info:    Redeclaring math accent \mathring on input line 17.
LaTeX Font Info:    Redeclaring math symbol \colon on input line 17.
LaTeX Font Info:    Redeclaring math symbol \Gamma on input line 17.
LaTeX Font Info:    Redeclaring math symbol \Delta on input line 17.
LaTeX Font Info:    Redeclaring math symbol \Theta on input line 17.
LaTeX Font Info:    Redeclaring math symbol \Lambda on input line 17.
LaTeX Font Info:    Redeclaring math symbol \Xi on input line 17.
LaTeX Font Info:    Redeclaring math symbol \Pi on input line 17.
LaTeX Font Info:    Redeclaring math symbol \Sigma on input line 17.
LaTeX Font Info:    Redeclaring math symbol \Upsilon on input line 17.
LaTeX Font Info:    Redeclaring math symbol \Phi on input line 17.
LaTeX Font Info:    Redeclaring math symbol \Psi on input line 17.
LaTeX Font Info:    Redeclaring math symbol \Omega on input line 17.
LaTeX Font Info:    Redeclaring math symbol \mathdollar on input line 17.
LaTeX Font Info:    Redeclaring symbol font `operators' on input line 17.
LaTeX Font Info:    Encoding `OT1' has changed to `EU2' for symbol font
(Font)              `operators' in the math version `normal' on input line 17.
LaTeX Font Info:    Overwriting symbol font `operators' in version `normal'
(Font)                  OT1/cmr/m/n --> EU2/LinuxLibertineDisplayO(1)/m/n on in
put line 17.
LaTeX Font Info:    Encoding `OT1' has changed to `EU2' for symbol font
(Font)              `operators' in the math version `bold' on input line 17.
LaTeX Font Info:    Overwriting symbol font `operators' in version `bold'
(Font)                  OT1/cmr/bx/n --> EU2/LinuxLibertineDisplayO(1)/m/n on i
nput line 17.
LaTeX Font Info:    Overwriting symbol font `operators' in version `normal'
(Font)                  EU2/LinuxLibertineDisplayO(1)/m/n --> EU2/LinuxLibertin
eDisplayO(1)/m/n on input line 17.
LaTeX Font Info:    Overwriting math alphabet `\mathrm' in version `normal'
(Font)                  EU2/LinuxLibertineDisplayO(1)/m/n --> EU2/LinuxLibertin
eDisplayO(1)/m/n on input line 17.
LaTeX Font Info:    Overwriting math alphabet `\mathit' in version `normal'
(Font)                  OT1/cmr/m/it --> EU2/LinuxLibertineDisplayO(1)/m/it on 
input line 17.
LaTeX Font Info:    Overwriting math alphabet `\mathbf' in version `normal'
(Font)                  OT1/cmr/bx/n --> EU2/LinuxLibertineDisplayO(1)/bx/n on 
input line 17.
LaTeX Font Info:    Overwriting math alphabet `\mathsf' in version `normal'
(Font)                  OT1/cmss/m/n --> EU2/Kp(0)/m/n on input line 17.
LaTeX Font Info:    Overwriting math alphabet `\mathtt' in version `normal'
(Font)                  OT1/cmtt/m/n --> EU2/CourierNew(0)/m/n on input line 17
.
LaTeX Font Info:    Overwriting symbol font `operators' in version `bold'
(Font)                  EU2/LinuxLibertineDisplayO(1)/m/n --> EU2/LinuxLibertin
eDisplayO(1)/bx/n on input line 17.
LaTeX Font Info:    Overwriting math alphabet `\mathrm' in version `bold'
(Font)                  EU2/LinuxLibertineDisplayO(1)/m/n --> EU2/LinuxLibertin
eDisplayO(1)/bx/n on input line 17.
LaTeX Font Info:    Overwriting math alphabet `\mathit' in version `bold'
(Font)                  OT1/cmr/bx/it --> EU2/LinuxLibertineDisplayO(1)/bx/it o
n input line 17.
LaTeX Font Info:    Overwriting math alphabet `\mathsf' in version `bold'
(Font)                  OT1/cmss/bx/n --> EU2/Kp(0)/bx/n on input line 17.
LaTeX Font Info:    Overwriting math alphabet `\mathtt' in version `bold'
(Font)                  OT1/cmtt/m/n --> EU2/CourierNew(0)/bx/n on input line 1
7.
luaotfload | load font: auto-selecting default features for script: dflt (was l
atn)
luaotfload | load font: font family='linuxlibertinedisplayo', subfamily='regula
r' found: LinLibertine_DR.otf
luaotfload | load font: font family='kp', subfamily='regular' found: kp.ttf
luaotfload | load font: font family='kp', subfamily='bold' found: Kp-bold.ttf
luaotfload | load font: auto-selecting default features for script: dflt (was l
atn)
luaotfload | load font: font family='linuxlibertinedisplayo', subfamily='regula
r' found: LinLibertine_DR.otf

LaTeX Font Warning: Font shape `EU2/LinuxLibertineDisplayO(1)/m/it' undefined
(Font)              using `EU2/LinuxLibertineDisplayO(1)/m/n' instead on input 
line 22.

Module GregorioTeX info: compiling the score EgoSumPanisVivus_AM.gabc...
(./EgoSumPanisVivus_AM-auto.tex
Module luatexbase-mcb info: inserting 'gregoriotex.callback'
(luatexbase-mcb)            at position 1 in 'post_linebreak_filter'
luaotfload | load font: auto-selecting default features for script: dflt (was l
atn)
luaotfload | load font: font family='linuxlibertinedisplayo', subfamily='regula
r' found: LinLibertine_DR.otf
luaotfload | load font: font family='lettrinespro800', subfamily='regular' foun
d: l800.ttf
luaotfload | otf process: missing cache for lookup ks_l_17_s of type gsub_conte
xtchain in font 42 (Linux Libertine Display O)
Module luatexbase-mcb info: removing 'gregoriotex.callback'
(luatexbase-mcb)            from 'post_linebreak_filter'
) [1

{/var/lib/texmf/fonts/map/pdftex/updmap/pdftex.map}]
(./EgoSumPanisVivus_AM-main.aux)

LaTeX Font Warning: Some font shapes were not available, defaults substituted.

 )

Here is how much of LuaTeX's memory you used:
 16405 strings out of 494125
 100000,552014 words of node,token memory allocated
 21871 words of node memory still in use:
   733 hlist, 123 vlist, 491 rule, 1214 glue, 489 kern, 3 penalty, 242 glyph, 5
14 attribute, 89 glue_spec, 261 attribute_list, 1 write nodes
   avail lists: 2:1215,3:257,4:162,5:309,6:289,7:25,9:174,10:6
 19448 multiletter control sequences out of 65536+200000
 48 fonts using 5616903 bytes
 55i,5n,47p,682b,156s stack positions out of 5000i,500n,10000p,200000b,50000s
</usr/share/texlive/texmf-dist/fonts/opentype/public/libertine/LinLibertine_DR.
otf></usr/share/fonts/truetype/l800.ttf></usr/share/fonts/truetype/Kp/Kp-bold.t
tf></usr/share/texmf/fonts/type1/public/gregoriotex/greciliae/greciliae-0.pfb><
/usr/share/texmf/fonts/type1/public/gregoriotex/greciliae/greciliae-1.pfb></usr
/share/texmf/fonts/type1/public/gregoriotex/greciliae/greciliae-2.pfb></usr/sha
re/texmf/fonts/type1/public/gregoriotex/gresym/gresym.pfb>
Output written on EgoSumPanisVivus_AM-main.pdf (1 page, 86628 bytes).

PDF statistics: 45 PDF objects out of 1000 (max. 8388607)
 29 compressed objects within 1 object stream
 0 named destinations out of 1000 (max. 131072)
 1 words of extra memory for PDF output out of 10000 (max. 10000000)

