This is LuaTeX, Version beta-0.50.0-2009122515 (format=lualatex 2009.12.31)  22 APR 2010 18:01
 restricted \write18 enabled.
**TeMartyrum.gabc
(./TeMartyrum.gabc
LaTeX2e <2009/09/24>
Babel <v3.8l> and hyphenation patterns for english, usenglishmax, dumylang, noh
yphenation, farsi, arabic, croatian, bulgarian, ukrainian, russian, czech, slov
ak, danish, dutch, finnish, french, basque, ngerman, german, german-x-2009-06-1
9, ngerman-x-2009-06-19, ibycus, monogreek, greek, ancientgreek, hungarian, san
skrit, italian, latin, latvian, lithuanian, mongolian2a, mongolian, bokmal, nyn
orsk, romanian, irish, coptic, serbian, turkish, welsh, esperanto, uppersorbian
, estonian, indonesian, interlingua, icelandic, kurmanji, slovenian, polish, po
rtuguese, spanish, galician, catalan, swedish, ukenglish, pinyin, loaded.

! LaTeX Error: Missing \begin{document}.

See the LaTeX manual or LaTeX Companion for explanation.
Type  H <return>  for immediate help.
 ...                                              
                                                  
l.1 n
     ame:Te Mártyrum;
You're in trouble here.  Try typing  <return>  to proceed.
If that doesn't work, type  X <return>  to quit.

! Missing $ inserted.
<inserted text> 
                $
l.4 ...(gi/jhivHG)ia.(g.) *(;) <i>ij.</i>(gh/ijh._
                                                  __jvIHG./fhfg./egFE'DC.,cd...
I've inserted a begin-math/end-math symbol since I think
you left one out. Proceed, with fingers crossed.

LaTeX Font Info:    External font `cmex10' loaded for size
(Font)              <7> on input line 4.
LaTeX Font Info:    External font `cmex10' loaded for size
(Font)              <5> on input line 4.
! Missing { inserted.
<to be read again> 
                   _
l.4 ...gi/jhivHG)ia.(g.) *(;) <i>ij.</i>(gh/ijh.__
                                                  _jvIHG./fhfg./egFE'DC.,cd!...
A left brace was mandatory here, so I've put one in.
You might want to delete and/or insert some corrections
so that I will find a matching right brace soon.
If you're confused by all this, try typing `I}' now.

! Missing { inserted.
<to be read again> 
                   _
l.4 ...i/jhivHG)ia.(g.) *(;) <i>ij.</i>(gh/ijh.___
                                                  jvIHG./fhfg./egFE'DC.,cd!e...
A left brace was mandatory here, so I've put one in.
You might want to delete and/or insert some corrections
so that I will find a matching right brace soon.
If you're confused by all this, try typing `I}' now.

! Missing $ inserted.
<inserted text> 
                $
l.5 
    
I've inserted a begin-math/end-math symbol since I think
you left one out. Proceed, with fingers crossed.

! Missing } inserted.
<inserted text> 
                }
l.5 
    
I've inserted something that you may have forgotten.
(See the <inserted text> above.)
With luck, this will get me unwedged. But if you
really didn't forget anything, try typing `2' now; then
my insertion and my current dilemma will both disappear.

! Missing } inserted.
<inserted text> 
                }
l.5 
    
I've inserted something that you may have forgotten.
(See the <inserted text> above.)
With luck, this will get me unwedged. But if you
really didn't forget anything, try typing `2' now; then
my insertion and my current dilemma will both disappear.


Overfull \hbox (20.0pt too wide) in paragraph at lines 1--5
[][]name:Te
 []


Overfull \hbox (168.16574pt too wide) in paragraph at lines 1--5
<i>ij.</i>(gh/ijh.$[][]$ 
 []


! LaTeX Error: Missing \begin{document}.

See the LaTeX manual or LaTeX Companion for explanation.
Type  H <return>  for immediate help.
 ...                                              
                                                  
l.6 <
     sp>V/</sp>. Te(cd) Már(fe~)ty(fg)rum(gvFEDfg!hvhg.) (,) can(g/hhgfvED)...

You're in trouble here.  Try typing  <return>  to proceed.
If that doesn't work, type  X <return>  to quit.

! Missing $ inserted.
<inserted text> 
                $
l.6 ...!hvhg.) (,) can(g/hhgfvED)di(dgF'E)dá(cdc_
                                                  __)tus(c.) (:)
I've inserted a begin-math/end-math symbol since I think
you left one out. Proceed, with fingers crossed.

! Missing { inserted.
<to be read again> 
                   _
l.6 ...hvhg.) (,) can(g/hhgfvED)di(dgF'E)dá(cdc__
                                                  _)tus(c.) (:)
A left brace was mandatory here, so I've put one in.
You might want to delete and/or insert some corrections
so that I will find a matching right brace soon.
If you're confused by all this, try typing `I}' now.

! Missing { inserted.
<to be read again> 
                   _
l.6 ...vhg.) (,) can(g/hhgfvED)di(dgF'E)dá(cdc___
                                                  )tus(c.) (:)
A left brace was mandatory here, so I've put one in.
You might want to delete and/or insert some corrections
so that I will find a matching right brace soon.
If you're confused by all this, try typing `I}' now.

! Missing { inserted.
<to be read again> 
                   _
l.7 ...hg)ci(gi/jhivHG)tus,(g.) *(;) Dó(gh/ijh.__
                                                  _jvIHG)mi(fhfg)ne.(egFE'DC...
A left brace was mandatory here, so I've put one in.
You might want to delete and/or insert some corrections
so that I will find a matching right brace soon.
If you're confused by all this, try typing `I}' now.

! Missing { inserted.
<to be read again> 
                   _
l.7 ...g)ci(gi/jhivHG)tus,(g.) *(;) Dó(gh/ijh.___
                                                  jvIHG)mi(fhfg)ne.(egFE'DC....
A left brace was mandatory here, so I've put one in.
You might want to delete and/or insert some corrections
so that I will find a matching right brace soon.
If you're confused by all this, try typing `I}' now.

)
! Emergency stop.
<*> TeMartyrum.gabc
                   
*** (job aborted, no legal \end found)



Here is how much of LuaTeX's memory you used:
 18 strings out of 256749
 100000,552014 words of node,token memory allocated 2750 words of node memory still in use:
   13 hlist, 1 disc, 2 math, 18 glue, 17 kern, 5 penalty, 147 noad, 149 math_ch
ar, 6 sub_mlist, 227 glyph, 39 glue_spec, 6 temp, 2 local_par, 6 dir nodes
   avail lists: 2:7,6:1,7:8,10:6
 3779 multiletter control sequences out of 65536+50000
 25 fonts using 710919 bytes
 18i,6n,12p,162b,57s stack positions out of 5000i,500n,6000p,200000b,50000s
!  ==> Fatal error occurred, no output PDF file produced!
