This is LuaTeX, Version beta-0.50.0-2009122515 (format=lualatex 2009.12.31)  21 APR 2010 17:16
 restricted \write18 enabled.
**ViriGalilaei.gabc
(./ViriGalilaei.gabc
LaTeX2e <2009/09/24>
Babel <v3.8l> and hyphenation patterns for english, usenglishmax, dumylang, noh
yphenation, farsi, arabic, croatian, bulgarian, ukrainian, russian, czech, slov
ak, danish, dutch, finnish, french, basque, ngerman, german, german-x-2009-06-1
9, ngerman-x-2009-06-19, ibycus, monogreek, greek, ancientgreek, hungarian, san
skrit, italian, latin, latvian, lithuanian, mongolian2a, mongolian, bokmal, nyn
orsk, romanian, irish, coptic, serbian, turkish, welsh, esperanto, uppersorbian
, estonian, indonesian, interlingua, icelandic, kurmanji, slovenian, polish, po
rtuguese, spanish, galician, catalan, swedish, ukenglish, pinyin, loaded.

! LaTeX Error: Missing \begin{document}.

See the LaTeX manual or LaTeX Companion for explanation.
Type  H <return>  for immediate help.
 ...                                              
                                                  
l.1 n
     ame:Viri Galilǽi;
You're in trouble here.  Try typing  <return>  to proceed.
If that doesn't work, type  X <return>  to quit.

! Missing $ inserted.
<inserted text> 
                $
l.4 ...hih)lum ?(hgh.) (,) al(f)le(fv.dfe)lú(efe_
                                                  __)ia :(e.) (:)
I've inserted a begin-math/end-math symbol since I think
you left one out. Proceed, with fingers crossed.

LaTeX Font Info:    External font `cmex10' loaded for size
(Font)              <7> on input line 4.
LaTeX Font Info:    External font `cmex10' loaded for size
(Font)              <5> on input line 4.
! Missing { inserted.
<to be read again> 
                   _
l.4 ...ih)lum ?(hgh.) (,) al(f)le(fv.dfe)lú(efe__
                                                  _)ia :(e.) (:)
A left brace was mandatory here, so I've put one in.
You might want to delete and/or insert some corrections
so that I will find a matching right brace soon.
If you're confused by all this, try typing `I}' now.

! Missing { inserted.
<to be read again> 
                   _
l.4 ...h)lum ?(hgh.) (,) al(f)le(fv.dfe)lú(efe___
                                                  )ia :(e.) (:)
A left brace was mandatory here, so I've put one in.
You might want to delete and/or insert some corrections
so that I will find a matching right brace soon.
If you're confused by all this, try typing `I}' now.

! Missing { inserted.
<to be read again> 
                   _
l.6 ...f~)ia,(f.) (,) al(f)le(hih//ghF'E)lú(efe__
                                                  _)ia.(e.) (::)
A left brace was mandatory here, so I've put one in.
You might want to delete and/or insert some corrections
so that I will find a matching right brace soon.
If you're confused by all this, try typing `I}' now.

! Missing { inserted.
<to be read again> 
                   _
l.6 ...~)ia,(f.) (,) al(f)le(hih//ghF'E)lú(efe___
                                                  )ia.(e.) (::)
A left brace was mandatory here, so I've put one in.
You might want to delete and/or insert some corrections
so that I will find a matching right brace soon.
If you're confused by all this, try typing `I}' now.

! Missing $ inserted.
<inserted text> 
                $
l.7 
    
I've inserted a begin-math/end-math symbol since I think
you left one out. Proceed, with fingers crossed.

! Missing } inserted.
<inserted text> 
                }
l.7 
    
I've inserted something that you may have forgotten.
(See the <inserted text> above.)
With luck, this will get me unwedged. But if you
really didn't forget anything, try typing `2' now; then
my insertion and my current dilemma will both disappear.

! Missing } inserted.
<inserted text> 
                }
l.7 
    
I've inserted something that you may have forgotten.
(See the <inserted text> above.)
With luck, this will get me unwedged. But if you
really didn't forget anything, try typing `2' now; then
my insertion and my current dilemma will both disappear.

! Missing } inserted.
<inserted text> 
                }
l.7 
    
I've inserted something that you may have forgotten.
(See the <inserted text> above.)
With luck, this will get me unwedged. But if you
really didn't forget anything, try typing `2' now; then
my insertion and my current dilemma will both disappear.

! Missing } inserted.
<inserted text> 
                }
l.7 
    
I've inserted something that you may have forgotten.
(See the <inserted text> above.)
With luck, this will get me unwedged. But if you
really didn't forget anything, try typing `2' now; then
my insertion and my current dilemma will both disappear.

Missing character: There is no á (U+00E1) in font cmr5!
Missing character: There is no í (U+00ED) in font cmr5!
Missing character: There is no í (U+00ED) in font cmr5!
Missing character: There is no é (U+00E9) in font cmr5!
Missing character: There is no æ (U+00E6) in font cmr5!
Missing character: There is no æ (U+00E6) in font cmr5!
Missing character: There is no é (U+00E9) in font cmr5!
Missing character: There is no é (U+00E9) in font cmr5!
Missing character: There is no ú (U+00FA) in font cmr5!
Missing character: There is no ú (U+00FA) in font cmr5!
Missing character: There is no ú (U+00FA) in font cmr5!
Missing character: There is no ú (U+00FA) in font cmr5!
Missing character: There is no ú (U+00FA) in font cmr5!
Missing character: There is no ú (U+00FA) in font cmr5!

Overfull \hbox (20.0pt too wide) in paragraph at lines 1--7
[][]name:Viri
 []


Overfull \hbox (783.40453pt too wide) in paragraph at lines 1--7
al(f)le(fv.dfe)lú(efe$[][]$ 
 []


! LaTeX Error: Missing \begin{document}.

See the LaTeX manual or LaTeX Companion for explanation.
Type  H <return>  for immediate help.
 ...                                              
                                                  
l.8 <
     i>Ps.</i> O(ehg)mnes(hi) gen(i)tes(i) pláu(ik)di(j)te(j) má(j)ni(ji)b...

You're in trouble here.  Try typing  <return>  to proceed.
If that doesn't work, type  X <return>  to quit.


Overfull \hbox (20.0pt too wide) in paragraph at lines 8--10
[][]<i>Ps.</i>
 []


! LaTeX Error: Missing \begin{document}.

See the LaTeX manual or LaTeX Companion for explanation.
Type  H <return>  for immediate help.
 ...                                              
                                                  
l.11 G
      ló(ehg)ri(hi)a(i) Pa(i)tri.(i) (::) E(i) u(i!jwk) o(i') u(h) a(hhh) e...

You're in trouble here.  Try typing  <return>  to proceed.
If that doesn't work, type  X <return>  to quit.

)
! Emergency stop.
<*> ViriGalilaei.gabc
                     
*** (job aborted, no legal \end found)



Here is how much of LuaTeX's memory you used:
 18 strings out of 256749
 100000,552014 words of node,token memory allocated 4356 words of node memory still in use:
   25 hlist, 1 disc, 2 math, 52 glue, 28 kern, 9 penalty, 699 glyph, 47 glue_sp
ec, 1 temp, 3 local_par, 1 dir nodes
   avail lists: 2:12,3:260,4:214,6:3,7:17,10:15
 3779 multiletter control sequences out of 65536+50000
 25 fonts using 710919 bytes
 18i,5n,12p,241b,57s stack positions out of 5000i,500n,6000p,200000b,50000s
!  ==> Fatal error occurred, no output PDF file produced!
