This is LuaTeX, Version beta-0.50.0-2009122515 (format=lualatex 2009.12.31)  1 JUL 2010 21:42
 restricted \write18 enabled.
**Intonation-Magnificat-8G.gabc
(./Intonation-Magnificat-8G.gabc
LaTeX2e <2009/09/24>
Babel <v3.8l> and hyphenation patterns for english, usenglishmax, dumylang, noh
yphenation, farsi, arabic, croatian, bulgarian, ukrainian, russian, czech, slov
ak, danish, dutch, finnish, french, basque, ngerman, german, german-x-2009-06-1
9, ngerman-x-2009-06-19, ibycus, monogreek, greek, ancientgreek, hungarian, san
skrit, italian, latin, latvian, lithuanian, mongolian2a, mongolian, bokmal, nyn
orsk, romanian, irish, coptic, serbian, turkish, welsh, esperanto, uppersorbian
, estonian, indonesian, interlingua, icelandic, kurmanji, slovenian, polish, po
rtuguese, spanish, galician, catalan, swedish, ukenglish, pinyin, loaded.

! LaTeX Error: Missing \begin{document}.

See the LaTeX manual or LaTeX Companion for explanation.
Type  H <return>  for immediate help.
 ...                                              
                                                  
l.1 n
     ame:Magníficat ton 8G simple;
You're in trouble here.  Try typing  <return>  to proceed.
If that doesn't work, type  X <return>  to quit.

! Undefined control sequence.
l.4 ...)ni(j)ma(j) <i>me</i>(i)<i>a</i>(j) <v>\aci
                                                  {D}</v>{<v>\aci{ó}</v>}(h...
The control sequence at the end of the top line
of your error message was never \def'ed. If you have
misspelled it (e.g., `\hobx'), type `I' and the correct
spelling (e.g., `I\hbox'). Otherwise just continue,
and I'll forget about whatever was undefined.

! Undefined control sequence.
l.4 ...me</i>(i)<i>a</i>(j) <v>\aci{D}</v>{<v>\aci
                                                  {ó}</v>}(h)mi(gr)num.(g.)...
The control sequence at the end of the top line
of your error message was never \def'ed. If you have
misspelled it (e.g., `\hobx'), type `I' and the correct
spelling (e.g., `I\hbox'). Otherwise just continue,
and I'll forget about whatever was undefined.


Overfull \hbox (20.0pt too wide) in paragraph at lines 1--5
[][]name:Magníficat
 []


! LaTeX Error: Missing \begin{document}.

See the LaTeX manual or LaTeX Companion for explanation.
Type  H <return>  for immediate help.
 ...                                              
                                                  
l.6 2
     . Et(g) ex(h)sul(j)tá(j)vit(j) spí(j)ri(j)tus(j) <v>\aci{m}</v>{<v>\a...

You're in trouble here.  Try typing  <return>  to proceed.
If that doesn't work, type  X <return>  to quit.

! Undefined control sequence.
l.6 ...l(j)tá(j)vit(j) spí(j)ri(j)tus(j) <v>\aci
                                                  {m}</v>{<v>\aci{e}</v>}(k)...
The control sequence at the end of the top line
of your error message was never \def'ed. If you have
misspelled it (e.g., `\hobx'), type `I' and the correct
spelling (e.g., `I\hbox'). Otherwise just continue,
and I'll forget about whatever was undefined.

! Undefined control sequence.
l.6 ...) spí(j)ri(j)tus(j) <v>\aci{m}</v>{<v>\aci
                                                  {e}</v>}(k)(jr)us(j.) * .....
The control sequence at the end of the top line
of your error message was never \def'ed. If you have
misspelled it (e.g., `\hobx'), type `I' and the correct
spelling (e.g., `I\hbox'). Otherwise just continue,
and I'll forget about whatever was undefined.

)
! Emergency stop.
<*> Intonation-Magnificat-8G.gabc
                                 
*** (job aborted, no legal \end found)



Here is how much of LuaTeX's memory you used:
 5 strings out of 256749
 100000,552014 words of node,token memory allocated 1551 words of node memory still in use:
   4 hlist, 1 disc, 23 glue, 2 penalty, 234 glyph, 40 glue_spec, 1 temp, 2 loca
l_par, 1 dir nodes
   avail lists: 2:12,3:1,7:13,10:11
 3777 multiletter control sequences out of 65536+50000
 14 fonts using 403927 bytes
 5i,0n,4p,158b,14s stack positions out of 30000i,500n,6000p,200000b,50000s
!  ==> Fatal error occurred, no output PDF file produced!
